Determining if the pthread_create exist failed with the following output:
Change Dir: /home/jaime/Desktop/DynamicEntropyExplore/build/amcl/CMakeFiles/CMakeTmp

Run Build Command:"/usr/bin/make" "cmTC_861cc/fast"
/usr/bin/make -f CMakeFiles/cmTC_861cc.dir/build.make CMakeFiles/cmTC_861cc.dir/build
make[1]: Entering directory '/home/jaime/Desktop/DynamicEntropyExplore/build/amcl/CMakeFiles/CMakeTmp'
Building C object CMakeFiles/cmTC_861cc.dir/CheckSymbolExists.c.o
/usr/bin/cc    -o CMakeFiles/cmTC_861cc.dir/CheckSymbolExists.c.o   -c /home/jaime/Desktop/DynamicEntropyExplore/build/amcl/CMakeFiles/CMakeTmp/CheckSymbolExists.c
Linking C executable cmTC_861cc
/usr/bin/cmake -E cmake_link_script CMakeFiles/cmTC_861cc.dir/link.txt --verbose=1
/usr/bin/cc      -rdynamic CMakeFiles/cmTC_861cc.dir/CheckSymbolExists.c.o  -o cmTC_861cc 
CMakeFiles/cmTC_861cc.dir/CheckSymbolExists.c.o: In function `main':
CheckSymbolExists.c:(.text+0x1b): undefined reference to `pthread_create'
collect2: error: ld returned 1 exit status
CMakeFiles/cmTC_861cc.dir/build.make:97: recipe for target 'cmTC_861cc' failed
make[1]: *** [cmTC_861cc] Error 1
make[1]: Leaving directory '/home/jaime/Desktop/DynamicEntropyExplore/build/amcl/CMakeFiles/CMakeTmp'
Makefile:126: recipe for target 'cmTC_861cc/fast' failed
make: *** [cmTC_861cc/fast] Error 2

File /home/jaime/Desktop/DynamicEntropyExplore/build/amcl/CMakeFiles/CMakeTmp/CheckSymbolExists.c:
/* */
#include <pthread.h>

int main(int argc, char** argv)
{
  (void)argv;
#ifndef pthread_create
  return ((int*)(&pthread_create))[argc];
#else
  (void)argc;
  return 0;
#endif
}

Determining if the function pthread_create exists in the pthreads failed with the following output:
Change Dir: /home/jaime/Desktop/DynamicEntropyExplore/build/amcl/CMakeFiles/CMakeTmp

Run Build Command:"/usr/bin/make" "cmTC_605ee/fast"
/usr/bin/make -f CMakeFiles/cmTC_605ee.dir/build.make CMakeFiles/cmTC_605ee.dir/build
make[1]: Entering directory '/home/jaime/Desktop/DynamicEntropyExplore/build/amcl/CMakeFiles/CMakeTmp'
Building C object CMakeFiles/cmTC_605ee.dir/CheckFunctionExists.c.o
/usr/bin/cc   -DCHECK_FUNCTION_EXISTS=pthread_create   -o CMakeFiles/cmTC_605ee.dir/CheckFunctionExists.c.o   -c /usr/share/cmake-3.10/Modules/CheckFunctionExists.c
Linking C executable cmTC_605ee
/usr/bin/cmake -E cmake_link_script CMakeFiles/cmTC_605ee.dir/link.txt --verbose=1
/usr/bin/cc  -DCHECK_FUNCTION_EXISTS=pthread_create    -rdynamic CMakeFiles/cmTC_605ee.dir/CheckFunctionExists.c.o  -o cmTC_605ee -lpthreads 
/usr/bin/ld: cannot find -lpthreads
collect2: error: ld returned 1 exit status
CMakeFiles/cmTC_605ee.dir/build.make:97: recipe for target 'cmTC_605ee' failed
make[1]: *** [cmTC_605ee] Error 1
make[1]: Leaving directory '/home/jaime/Desktop/DynamicEntropyExplore/build/amcl/CMakeFiles/CMakeTmp'
Makefile:126: recipe for target 'cmTC_605ee/fast' failed
make: *** [cmTC_605ee/fast] Error 2


