Determining if the pthread_create exist failed with the following output:
Change Dir: /home/jaime/Desktop/DynamicEntropyExplore/build/move_slow_and_clear/CMakeFiles/CMakeTmp

Run Build Command:"/usr/bin/make" "cmTC_fcc30/fast"
/usr/bin/make -f CMakeFiles/cmTC_fcc30.dir/build.make CMakeFiles/cmTC_fcc30.dir/build
make[1]: Entering directory '/home/jaime/Desktop/DynamicEntropyExplore/build/move_slow_and_clear/CMakeFiles/CMakeTmp'
Building C object CMakeFiles/cmTC_fcc30.dir/CheckSymbolExists.c.o
/usr/bin/cc    -o CMakeFiles/cmTC_fcc30.dir/CheckSymbolExists.c.o   -c /home/jaime/Desktop/DynamicEntropyExplore/build/move_slow_and_clear/CMakeFiles/CMakeTmp/CheckSymbolExists.c
Linking C executable cmTC_fcc30
/usr/bin/cmake -E cmake_link_script CMakeFiles/cmTC_fcc30.dir/link.txt --verbose=1
/usr/bin/cc      -rdynamic CMakeFiles/cmTC_fcc30.dir/CheckSymbolExists.c.o  -o cmTC_fcc30 
CMakeFiles/cmTC_fcc30.dir/CheckSymbolExists.c.o: In function `main':
CheckSymbolExists.c:(.text+0x1b): undefined reference to `pthread_create'
collect2: error: ld returned 1 exit status
CMakeFiles/cmTC_fcc30.dir/build.make:97: recipe for target 'cmTC_fcc30' failed
make[1]: *** [cmTC_fcc30] Error 1
make[1]: Leaving directory '/home/jaime/Desktop/DynamicEntropyExplore/build/move_slow_and_clear/CMakeFiles/CMakeTmp'
Makefile:126: recipe for target 'cmTC_fcc30/fast' failed
make: *** [cmTC_fcc30/fast] Error 2

File /home/jaime/Desktop/DynamicEntropyExplore/build/move_slow_and_clear/CMakeFiles/CMakeTmp/CheckSymbolExists.c:
/* */
#include <pthread.h>

int main(int argc, char** argv)
{
  (void)argv;
#ifndef pthread_create
  return ((int*)(&pthread_create))[argc];
#else
  (void)argc;
  return 0;
#endif
}

Determining if the function pthread_create exists in the pthreads failed with the following output:
Change Dir: /home/jaime/Desktop/DynamicEntropyExplore/build/move_slow_and_clear/CMakeFiles/CMakeTmp

Run Build Command:"/usr/bin/make" "cmTC_35f1d/fast"
/usr/bin/make -f CMakeFiles/cmTC_35f1d.dir/build.make CMakeFiles/cmTC_35f1d.dir/build
make[1]: Entering directory '/home/jaime/Desktop/DynamicEntropyExplore/build/move_slow_and_clear/CMakeFiles/CMakeTmp'
Building C object CMakeFiles/cmTC_35f1d.dir/CheckFunctionExists.c.o
/usr/bin/cc   -DCHECK_FUNCTION_EXISTS=pthread_create   -o CMakeFiles/cmTC_35f1d.dir/CheckFunctionExists.c.o   -c /usr/share/cmake-3.10/Modules/CheckFunctionExists.c
Linking C executable cmTC_35f1d
/usr/bin/cmake -E cmake_link_script CMakeFiles/cmTC_35f1d.dir/link.txt --verbose=1
/usr/bin/cc  -DCHECK_FUNCTION_EXISTS=pthread_create    -rdynamic CMakeFiles/cmTC_35f1d.dir/CheckFunctionExists.c.o  -o cmTC_35f1d -lpthreads 
/usr/bin/ld: cannot find -lpthreads
collect2: error: ld returned 1 exit status
CMakeFiles/cmTC_35f1d.dir/build.make:97: recipe for target 'cmTC_35f1d' failed
make[1]: *** [cmTC_35f1d] Error 1
make[1]: Leaving directory '/home/jaime/Desktop/DynamicEntropyExplore/build/move_slow_and_clear/CMakeFiles/CMakeTmp'
Makefile:126: recipe for target 'cmTC_35f1d/fast' failed
make: *** [cmTC_35f1d/fast] Error 2


