Determining if the pthread_create exist failed with the following output:
Change Dir: /home/jaime/Desktop/DynamicEntropyExplore/build/cpr_office_gazebo/CMakeFiles/CMakeTmp

Run Build Command:"/usr/bin/make" "cmTC_6bb9e/fast"
/usr/bin/make -f CMakeFiles/cmTC_6bb9e.dir/build.make CMakeFiles/cmTC_6bb9e.dir/build
make[1]: Entering directory '/home/jaime/Desktop/DynamicEntropyExplore/build/cpr_office_gazebo/CMakeFiles/CMakeTmp'
Building C object CMakeFiles/cmTC_6bb9e.dir/CheckSymbolExists.c.o
/usr/bin/cc    -o CMakeFiles/cmTC_6bb9e.dir/CheckSymbolExists.c.o   -c /home/jaime/Desktop/DynamicEntropyExplore/build/cpr_office_gazebo/CMakeFiles/CMakeTmp/CheckSymbolExists.c
Linking C executable cmTC_6bb9e
/usr/bin/cmake -E cmake_link_script CMakeFiles/cmTC_6bb9e.dir/link.txt --verbose=1
/usr/bin/cc      -rdynamic CMakeFiles/cmTC_6bb9e.dir/CheckSymbolExists.c.o  -o cmTC_6bb9e 
CMakeFiles/cmTC_6bb9e.dir/CheckSymbolExists.c.o: In function `main':
CheckSymbolExists.c:(.text+0x1b): undefined reference to `pthread_create'
collect2: error: ld returned 1 exit status
CMakeFiles/cmTC_6bb9e.dir/build.make:97: recipe for target 'cmTC_6bb9e' failed
make[1]: *** [cmTC_6bb9e] Error 1
make[1]: Leaving directory '/home/jaime/Desktop/DynamicEntropyExplore/build/cpr_office_gazebo/CMakeFiles/CMakeTmp'
Makefile:126: recipe for target 'cmTC_6bb9e/fast' failed
make: *** [cmTC_6bb9e/fast] Error 2

File /home/jaime/Desktop/DynamicEntropyExplore/build/cpr_office_gazebo/CMakeFiles/CMakeTmp/CheckSymbolExists.c:
/* */
#include <pthread.h>

int main(int argc, char** argv)
{
  (void)argv;
#ifndef pthread_create
  return ((int*)(&pthread_create))[argc];
#else
  (void)argc;
  return 0;
#endif
}

Determining if the function pthread_create exists in the pthreads failed with the following output:
Change Dir: /home/jaime/Desktop/DynamicEntropyExplore/build/cpr_office_gazebo/CMakeFiles/CMakeTmp

Run Build Command:"/usr/bin/make" "cmTC_e03bf/fast"
/usr/bin/make -f CMakeFiles/cmTC_e03bf.dir/build.make CMakeFiles/cmTC_e03bf.dir/build
make[1]: Entering directory '/home/jaime/Desktop/DynamicEntropyExplore/build/cpr_office_gazebo/CMakeFiles/CMakeTmp'
Building C object CMakeFiles/cmTC_e03bf.dir/CheckFunctionExists.c.o
/usr/bin/cc   -DCHECK_FUNCTION_EXISTS=pthread_create   -o CMakeFiles/cmTC_e03bf.dir/CheckFunctionExists.c.o   -c /usr/share/cmake-3.10/Modules/CheckFunctionExists.c
Linking C executable cmTC_e03bf
/usr/bin/cmake -E cmake_link_script CMakeFiles/cmTC_e03bf.dir/link.txt --verbose=1
/usr/bin/cc  -DCHECK_FUNCTION_EXISTS=pthread_create    -rdynamic CMakeFiles/cmTC_e03bf.dir/CheckFunctionExists.c.o  -o cmTC_e03bf -lpthreads 
/usr/bin/ld: cannot find -lpthreads
collect2: error: ld returned 1 exit status
CMakeFiles/cmTC_e03bf.dir/build.make:97: recipe for target 'cmTC_e03bf' failed
make[1]: *** [cmTC_e03bf] Error 1
make[1]: Leaving directory '/home/jaime/Desktop/DynamicEntropyExplore/build/cpr_office_gazebo/CMakeFiles/CMakeTmp'
Makefile:126: recipe for target 'cmTC_e03bf/fast' failed
make: *** [cmTC_e03bf/fast] Error 2


