Determining if the pthread_create exist failed with the following output:
Change Dir: /home/jaime/Desktop/DynamicEntropyExplore/build/cpr_obstacle_gazebo/CMakeFiles/CMakeTmp

Run Build Command:"/usr/bin/make" "cmTC_1403c/fast"
/usr/bin/make -f CMakeFiles/cmTC_1403c.dir/build.make CMakeFiles/cmTC_1403c.dir/build
make[1]: Entering directory '/home/jaime/Desktop/DynamicEntropyExplore/build/cpr_obstacle_gazebo/CMakeFiles/CMakeTmp'
Building C object CMakeFiles/cmTC_1403c.dir/CheckSymbolExists.c.o
/usr/bin/cc    -o CMakeFiles/cmTC_1403c.dir/CheckSymbolExists.c.o   -c /home/jaime/Desktop/DynamicEntropyExplore/build/cpr_obstacle_gazebo/CMakeFiles/CMakeTmp/CheckSymbolExists.c
Linking C executable cmTC_1403c
/usr/bin/cmake -E cmake_link_script CMakeFiles/cmTC_1403c.dir/link.txt --verbose=1
/usr/bin/cc      -rdynamic CMakeFiles/cmTC_1403c.dir/CheckSymbolExists.c.o  -o cmTC_1403c 
CMakeFiles/cmTC_1403c.dir/CheckSymbolExists.c.o: In function `main':
CheckSymbolExists.c:(.text+0x1b): undefined reference to `pthread_create'
collect2: error: ld returned 1 exit status
CMakeFiles/cmTC_1403c.dir/build.make:97: recipe for target 'cmTC_1403c' failed
make[1]: *** [cmTC_1403c] Error 1
make[1]: Leaving directory '/home/jaime/Desktop/DynamicEntropyExplore/build/cpr_obstacle_gazebo/CMakeFiles/CMakeTmp'
Makefile:126: recipe for target 'cmTC_1403c/fast' failed
make: *** [cmTC_1403c/fast] Error 2

File /home/jaime/Desktop/DynamicEntropyExplore/build/cpr_obstacle_gazebo/CMakeFiles/CMakeTmp/CheckSymbolExists.c:
/* */
#include <pthread.h>

int main(int argc, char** argv)
{
  (void)argv;
#ifndef pthread_create
  return ((int*)(&pthread_create))[argc];
#else
  (void)argc;
  return 0;
#endif
}

Determining if the function pthread_create exists in the pthreads failed with the following output:
Change Dir: /home/jaime/Desktop/DynamicEntropyExplore/build/cpr_obstacle_gazebo/CMakeFiles/CMakeTmp

Run Build Command:"/usr/bin/make" "cmTC_86365/fast"
/usr/bin/make -f CMakeFiles/cmTC_86365.dir/build.make CMakeFiles/cmTC_86365.dir/build
make[1]: Entering directory '/home/jaime/Desktop/DynamicEntropyExplore/build/cpr_obstacle_gazebo/CMakeFiles/CMakeTmp'
Building C object CMakeFiles/cmTC_86365.dir/CheckFunctionExists.c.o
/usr/bin/cc   -DCHECK_FUNCTION_EXISTS=pthread_create   -o CMakeFiles/cmTC_86365.dir/CheckFunctionExists.c.o   -c /usr/share/cmake-3.10/Modules/CheckFunctionExists.c
Linking C executable cmTC_86365
/usr/bin/cmake -E cmake_link_script CMakeFiles/cmTC_86365.dir/link.txt --verbose=1
/usr/bin/cc  -DCHECK_FUNCTION_EXISTS=pthread_create    -rdynamic CMakeFiles/cmTC_86365.dir/CheckFunctionExists.c.o  -o cmTC_86365 -lpthreads 
/usr/bin/ld: cannot find -lpthreads
collect2: error: ld returned 1 exit status
CMakeFiles/cmTC_86365.dir/build.make:97: recipe for target 'cmTC_86365' failed
make[1]: *** [cmTC_86365] Error 1
make[1]: Leaving directory '/home/jaime/Desktop/DynamicEntropyExplore/build/cpr_obstacle_gazebo/CMakeFiles/CMakeTmp'
Makefile:126: recipe for target 'cmTC_86365/fast' failed
make: *** [cmTC_86365/fast] Error 2


