Determining if the pthread_create exist failed with the following output:
Change Dir: /home/jaime/Desktop/DynamicEntropyExplore/build/rotate_recovery/CMakeFiles/CMakeTmp

Run Build Command:"/usr/bin/make" "cmTC_f052a/fast"
/usr/bin/make -f CMakeFiles/cmTC_f052a.dir/build.make CMakeFiles/cmTC_f052a.dir/build
make[1]: Entering directory '/home/jaime/Desktop/DynamicEntropyExplore/build/rotate_recovery/CMakeFiles/CMakeTmp'
Building C object CMakeFiles/cmTC_f052a.dir/CheckSymbolExists.c.o
/usr/bin/cc    -o CMakeFiles/cmTC_f052a.dir/CheckSymbolExists.c.o   -c /home/jaime/Desktop/DynamicEntropyExplore/build/rotate_recovery/CMakeFiles/CMakeTmp/CheckSymbolExists.c
Linking C executable cmTC_f052a
/usr/bin/cmake -E cmake_link_script CMakeFiles/cmTC_f052a.dir/link.txt --verbose=1
/usr/bin/cc      -rdynamic CMakeFiles/cmTC_f052a.dir/CheckSymbolExists.c.o  -o cmTC_f052a 
CMakeFiles/cmTC_f052a.dir/CheckSymbolExists.c.o: In function `main':
CheckSymbolExists.c:(.text+0x1b): undefined reference to `pthread_create'
collect2: error: ld returned 1 exit status
CMakeFiles/cmTC_f052a.dir/build.make:97: recipe for target 'cmTC_f052a' failed
make[1]: *** [cmTC_f052a] Error 1
make[1]: Leaving directory '/home/jaime/Desktop/DynamicEntropyExplore/build/rotate_recovery/CMakeFiles/CMakeTmp'
Makefile:126: recipe for target 'cmTC_f052a/fast' failed
make: *** [cmTC_f052a/fast] Error 2

File /home/jaime/Desktop/DynamicEntropyExplore/build/rotate_recovery/CMakeFiles/CMakeTmp/CheckSymbolExists.c:
/* */
#include <pthread.h>

int main(int argc, char** argv)
{
  (void)argv;
#ifndef pthread_create
  return ((int*)(&pthread_create))[argc];
#else
  (void)argc;
  return 0;
#endif
}

Determining if the function pthread_create exists in the pthreads failed with the following output:
Change Dir: /home/jaime/Desktop/DynamicEntropyExplore/build/rotate_recovery/CMakeFiles/CMakeTmp

Run Build Command:"/usr/bin/make" "cmTC_fb73c/fast"
/usr/bin/make -f CMakeFiles/cmTC_fb73c.dir/build.make CMakeFiles/cmTC_fb73c.dir/build
make[1]: Entering directory '/home/jaime/Desktop/DynamicEntropyExplore/build/rotate_recovery/CMakeFiles/CMakeTmp'
Building C object CMakeFiles/cmTC_fb73c.dir/CheckFunctionExists.c.o
/usr/bin/cc   -DCHECK_FUNCTION_EXISTS=pthread_create   -o CMakeFiles/cmTC_fb73c.dir/CheckFunctionExists.c.o   -c /usr/share/cmake-3.10/Modules/CheckFunctionExists.c
Linking C executable cmTC_fb73c
/usr/bin/cmake -E cmake_link_script CMakeFiles/cmTC_fb73c.dir/link.txt --verbose=1
/usr/bin/cc  -DCHECK_FUNCTION_EXISTS=pthread_create    -rdynamic CMakeFiles/cmTC_fb73c.dir/CheckFunctionExists.c.o  -o cmTC_fb73c -lpthreads 
/usr/bin/ld: cannot find -lpthreads
collect2: error: ld returned 1 exit status
CMakeFiles/cmTC_fb73c.dir/build.make:97: recipe for target 'cmTC_fb73c' failed
make[1]: *** [cmTC_fb73c] Error 1
make[1]: Leaving directory '/home/jaime/Desktop/DynamicEntropyExplore/build/rotate_recovery/CMakeFiles/CMakeTmp'
Makefile:126: recipe for target 'cmTC_fb73c/fast' failed
make: *** [cmTC_fb73c/fast] Error 2


