Determining if the pthread_create exist failed with the following output:
Change Dir: /home/jaime/Desktop/DynamicEntropyExplore/build/turtlebot3_slam/CMakeFiles/CMakeTmp

Run Build Command:"/usr/bin/make" "cmTC_1d07b/fast"
/usr/bin/make -f CMakeFiles/cmTC_1d07b.dir/build.make CMakeFiles/cmTC_1d07b.dir/build
make[1]: Entering directory '/home/jaime/Desktop/DynamicEntropyExplore/build/turtlebot3_slam/CMakeFiles/CMakeTmp'
Building C object CMakeFiles/cmTC_1d07b.dir/CheckSymbolExists.c.o
/usr/bin/cc    -o CMakeFiles/cmTC_1d07b.dir/CheckSymbolExists.c.o   -c /home/jaime/Desktop/DynamicEntropyExplore/build/turtlebot3_slam/CMakeFiles/CMakeTmp/CheckSymbolExists.c
Linking C executable cmTC_1d07b
/usr/bin/cmake -E cmake_link_script CMakeFiles/cmTC_1d07b.dir/link.txt --verbose=1
/usr/bin/cc      -rdynamic CMakeFiles/cmTC_1d07b.dir/CheckSymbolExists.c.o  -o cmTC_1d07b 
CMakeFiles/cmTC_1d07b.dir/CheckSymbolExists.c.o: In function `main':
CheckSymbolExists.c:(.text+0x1b): undefined reference to `pthread_create'
collect2: error: ld returned 1 exit status
CMakeFiles/cmTC_1d07b.dir/build.make:97: recipe for target 'cmTC_1d07b' failed
make[1]: *** [cmTC_1d07b] Error 1
make[1]: Leaving directory '/home/jaime/Desktop/DynamicEntropyExplore/build/turtlebot3_slam/CMakeFiles/CMakeTmp'
Makefile:126: recipe for target 'cmTC_1d07b/fast' failed
make: *** [cmTC_1d07b/fast] Error 2

File /home/jaime/Desktop/DynamicEntropyExplore/build/turtlebot3_slam/CMakeFiles/CMakeTmp/CheckSymbolExists.c:
/* */
#include <pthread.h>

int main(int argc, char** argv)
{
  (void)argv;
#ifndef pthread_create
  return ((int*)(&pthread_create))[argc];
#else
  (void)argc;
  return 0;
#endif
}

Determining if the function pthread_create exists in the pthreads failed with the following output:
Change Dir: /home/jaime/Desktop/DynamicEntropyExplore/build/turtlebot3_slam/CMakeFiles/CMakeTmp

Run Build Command:"/usr/bin/make" "cmTC_8b1ca/fast"
/usr/bin/make -f CMakeFiles/cmTC_8b1ca.dir/build.make CMakeFiles/cmTC_8b1ca.dir/build
make[1]: Entering directory '/home/jaime/Desktop/DynamicEntropyExplore/build/turtlebot3_slam/CMakeFiles/CMakeTmp'
Building C object CMakeFiles/cmTC_8b1ca.dir/CheckFunctionExists.c.o
/usr/bin/cc   -DCHECK_FUNCTION_EXISTS=pthread_create   -o CMakeFiles/cmTC_8b1ca.dir/CheckFunctionExists.c.o   -c /usr/share/cmake-3.10/Modules/CheckFunctionExists.c
Linking C executable cmTC_8b1ca
/usr/bin/cmake -E cmake_link_script CMakeFiles/cmTC_8b1ca.dir/link.txt --verbose=1
/usr/bin/cc  -DCHECK_FUNCTION_EXISTS=pthread_create    -rdynamic CMakeFiles/cmTC_8b1ca.dir/CheckFunctionExists.c.o  -o cmTC_8b1ca -lpthreads 
/usr/bin/ld: cannot find -lpthreads
collect2: error: ld returned 1 exit status
CMakeFiles/cmTC_8b1ca.dir/build.make:97: recipe for target 'cmTC_8b1ca' failed
make[1]: *** [cmTC_8b1ca] Error 1
make[1]: Leaving directory '/home/jaime/Desktop/DynamicEntropyExplore/build/turtlebot3_slam/CMakeFiles/CMakeTmp'
Makefile:126: recipe for target 'cmTC_8b1ca/fast' failed
make: *** [cmTC_8b1ca/fast] Error 2


