Determining if the pthread_create exist failed with the following output:
Change Dir: /home/jaime/Desktop/DynamicEntropyExplore/build/turtlebot3_bringup/CMakeFiles/CMakeTmp

Run Build Command:"/usr/bin/make" "cmTC_6364b/fast"
/usr/bin/make -f CMakeFiles/cmTC_6364b.dir/build.make CMakeFiles/cmTC_6364b.dir/build
make[1]: Entering directory '/home/jaime/Desktop/DynamicEntropyExplore/build/turtlebot3_bringup/CMakeFiles/CMakeTmp'
Building C object CMakeFiles/cmTC_6364b.dir/CheckSymbolExists.c.o
/usr/bin/cc    -o CMakeFiles/cmTC_6364b.dir/CheckSymbolExists.c.o   -c /home/jaime/Desktop/DynamicEntropyExplore/build/turtlebot3_bringup/CMakeFiles/CMakeTmp/CheckSymbolExists.c
Linking C executable cmTC_6364b
/usr/bin/cmake -E cmake_link_script CMakeFiles/cmTC_6364b.dir/link.txt --verbose=1
/usr/bin/cc      -rdynamic CMakeFiles/cmTC_6364b.dir/CheckSymbolExists.c.o  -o cmTC_6364b 
CMakeFiles/cmTC_6364b.dir/CheckSymbolExists.c.o: In function `main':
CheckSymbolExists.c:(.text+0x1b): undefined reference to `pthread_create'
collect2: error: ld returned 1 exit status
CMakeFiles/cmTC_6364b.dir/build.make:97: recipe for target 'cmTC_6364b' failed
make[1]: *** [cmTC_6364b] Error 1
make[1]: Leaving directory '/home/jaime/Desktop/DynamicEntropyExplore/build/turtlebot3_bringup/CMakeFiles/CMakeTmp'
Makefile:126: recipe for target 'cmTC_6364b/fast' failed
make: *** [cmTC_6364b/fast] Error 2

File /home/jaime/Desktop/DynamicEntropyExplore/build/turtlebot3_bringup/CMakeFiles/CMakeTmp/CheckSymbolExists.c:
/* */
#include <pthread.h>

int main(int argc, char** argv)
{
  (void)argv;
#ifndef pthread_create
  return ((int*)(&pthread_create))[argc];
#else
  (void)argc;
  return 0;
#endif
}

Determining if the function pthread_create exists in the pthreads failed with the following output:
Change Dir: /home/jaime/Desktop/DynamicEntropyExplore/build/turtlebot3_bringup/CMakeFiles/CMakeTmp

Run Build Command:"/usr/bin/make" "cmTC_699ed/fast"
/usr/bin/make -f CMakeFiles/cmTC_699ed.dir/build.make CMakeFiles/cmTC_699ed.dir/build
make[1]: Entering directory '/home/jaime/Desktop/DynamicEntropyExplore/build/turtlebot3_bringup/CMakeFiles/CMakeTmp'
Building C object CMakeFiles/cmTC_699ed.dir/CheckFunctionExists.c.o
/usr/bin/cc   -DCHECK_FUNCTION_EXISTS=pthread_create   -o CMakeFiles/cmTC_699ed.dir/CheckFunctionExists.c.o   -c /usr/share/cmake-3.10/Modules/CheckFunctionExists.c
Linking C executable cmTC_699ed
/usr/bin/cmake -E cmake_link_script CMakeFiles/cmTC_699ed.dir/link.txt --verbose=1
/usr/bin/cc  -DCHECK_FUNCTION_EXISTS=pthread_create    -rdynamic CMakeFiles/cmTC_699ed.dir/CheckFunctionExists.c.o  -o cmTC_699ed -lpthreads 
/usr/bin/ld: cannot find -lpthreads
collect2: error: ld returned 1 exit status
CMakeFiles/cmTC_699ed.dir/build.make:97: recipe for target 'cmTC_699ed' failed
make[1]: *** [cmTC_699ed] Error 1
make[1]: Leaving directory '/home/jaime/Desktop/DynamicEntropyExplore/build/turtlebot3_bringup/CMakeFiles/CMakeTmp'
Makefile:126: recipe for target 'cmTC_699ed/fast' failed
make: *** [cmTC_699ed/fast] Error 2


