Determining if the pthread_create exist failed with the following output:
Change Dir: /home/jaime/Desktop/DynamicEntropyExplore/build/costmap_2d/CMakeFiles/CMakeTmp

Run Build Command:"/usr/bin/make" "cmTC_ee4f9/fast"
/usr/bin/make -f CMakeFiles/cmTC_ee4f9.dir/build.make CMakeFiles/cmTC_ee4f9.dir/build
make[1]: Entering directory '/home/jaime/Desktop/DynamicEntropyExplore/build/costmap_2d/CMakeFiles/CMakeTmp'
Building C object CMakeFiles/cmTC_ee4f9.dir/CheckSymbolExists.c.o
/usr/bin/cc    -o CMakeFiles/cmTC_ee4f9.dir/CheckSymbolExists.c.o   -c /home/jaime/Desktop/DynamicEntropyExplore/build/costmap_2d/CMakeFiles/CMakeTmp/CheckSymbolExists.c
Linking C executable cmTC_ee4f9
/usr/bin/cmake -E cmake_link_script CMakeFiles/cmTC_ee4f9.dir/link.txt --verbose=1
/usr/bin/cc      -rdynamic CMakeFiles/cmTC_ee4f9.dir/CheckSymbolExists.c.o  -o cmTC_ee4f9 
CMakeFiles/cmTC_ee4f9.dir/CheckSymbolExists.c.o: In function `main':
CheckSymbolExists.c:(.text+0x1b): undefined reference to `pthread_create'
collect2: error: ld returned 1 exit status
CMakeFiles/cmTC_ee4f9.dir/build.make:97: recipe for target 'cmTC_ee4f9' failed
make[1]: *** [cmTC_ee4f9] Error 1
make[1]: Leaving directory '/home/jaime/Desktop/DynamicEntropyExplore/build/costmap_2d/CMakeFiles/CMakeTmp'
Makefile:126: recipe for target 'cmTC_ee4f9/fast' failed
make: *** [cmTC_ee4f9/fast] Error 2

File /home/jaime/Desktop/DynamicEntropyExplore/build/costmap_2d/CMakeFiles/CMakeTmp/CheckSymbolExists.c:
/* */
#include <pthread.h>

int main(int argc, char** argv)
{
  (void)argv;
#ifndef pthread_create
  return ((int*)(&pthread_create))[argc];
#else
  (void)argc;
  return 0;
#endif
}

Determining if the function pthread_create exists in the pthreads failed with the following output:
Change Dir: /home/jaime/Desktop/DynamicEntropyExplore/build/costmap_2d/CMakeFiles/CMakeTmp

Run Build Command:"/usr/bin/make" "cmTC_4ef98/fast"
/usr/bin/make -f CMakeFiles/cmTC_4ef98.dir/build.make CMakeFiles/cmTC_4ef98.dir/build
make[1]: Entering directory '/home/jaime/Desktop/DynamicEntropyExplore/build/costmap_2d/CMakeFiles/CMakeTmp'
Building C object CMakeFiles/cmTC_4ef98.dir/CheckFunctionExists.c.o
/usr/bin/cc   -DCHECK_FUNCTION_EXISTS=pthread_create   -o CMakeFiles/cmTC_4ef98.dir/CheckFunctionExists.c.o   -c /usr/share/cmake-3.10/Modules/CheckFunctionExists.c
Linking C executable cmTC_4ef98
/usr/bin/cmake -E cmake_link_script CMakeFiles/cmTC_4ef98.dir/link.txt --verbose=1
/usr/bin/cc  -DCHECK_FUNCTION_EXISTS=pthread_create    -rdynamic CMakeFiles/cmTC_4ef98.dir/CheckFunctionExists.c.o  -o cmTC_4ef98 -lpthreads 
/usr/bin/ld: cannot find -lpthreads
collect2: error: ld returned 1 exit status
CMakeFiles/cmTC_4ef98.dir/build.make:97: recipe for target 'cmTC_4ef98' failed
make[1]: *** [cmTC_4ef98] Error 1
make[1]: Leaving directory '/home/jaime/Desktop/DynamicEntropyExplore/build/costmap_2d/CMakeFiles/CMakeTmp'
Makefile:126: recipe for target 'cmTC_4ef98/fast' failed
make: *** [cmTC_4ef98/fast] Error 2


