Determining if the pthread_create exist failed with the following output:
Change Dir: /home/jaime/Desktop/DynamicEntropyExplore/build/base_local_planner/CMakeFiles/CMakeTmp

Run Build Command:"/usr/bin/make" "cmTC_d6bec/fast"
/usr/bin/make -f CMakeFiles/cmTC_d6bec.dir/build.make CMakeFiles/cmTC_d6bec.dir/build
make[1]: Entering directory '/home/jaime/Desktop/DynamicEntropyExplore/build/base_local_planner/CMakeFiles/CMakeTmp'
Building C object CMakeFiles/cmTC_d6bec.dir/CheckSymbolExists.c.o
/usr/bin/cc    -o CMakeFiles/cmTC_d6bec.dir/CheckSymbolExists.c.o   -c /home/jaime/Desktop/DynamicEntropyExplore/build/base_local_planner/CMakeFiles/CMakeTmp/CheckSymbolExists.c
Linking C executable cmTC_d6bec
/usr/bin/cmake -E cmake_link_script CMakeFiles/cmTC_d6bec.dir/link.txt --verbose=1
/usr/bin/cc      -rdynamic CMakeFiles/cmTC_d6bec.dir/CheckSymbolExists.c.o  -o cmTC_d6bec 
CMakeFiles/cmTC_d6bec.dir/CheckSymbolExists.c.o: In function `main':
CheckSymbolExists.c:(.text+0x1b): undefined reference to `pthread_create'
collect2: error: ld returned 1 exit status
CMakeFiles/cmTC_d6bec.dir/build.make:97: recipe for target 'cmTC_d6bec' failed
make[1]: *** [cmTC_d6bec] Error 1
make[1]: Leaving directory '/home/jaime/Desktop/DynamicEntropyExplore/build/base_local_planner/CMakeFiles/CMakeTmp'
Makefile:126: recipe for target 'cmTC_d6bec/fast' failed
make: *** [cmTC_d6bec/fast] Error 2

File /home/jaime/Desktop/DynamicEntropyExplore/build/base_local_planner/CMakeFiles/CMakeTmp/CheckSymbolExists.c:
/* */
#include <pthread.h>

int main(int argc, char** argv)
{
  (void)argv;
#ifndef pthread_create
  return ((int*)(&pthread_create))[argc];
#else
  (void)argc;
  return 0;
#endif
}

Determining if the function pthread_create exists in the pthreads failed with the following output:
Change Dir: /home/jaime/Desktop/DynamicEntropyExplore/build/base_local_planner/CMakeFiles/CMakeTmp

Run Build Command:"/usr/bin/make" "cmTC_c7b71/fast"
/usr/bin/make -f CMakeFiles/cmTC_c7b71.dir/build.make CMakeFiles/cmTC_c7b71.dir/build
make[1]: Entering directory '/home/jaime/Desktop/DynamicEntropyExplore/build/base_local_planner/CMakeFiles/CMakeTmp'
Building C object CMakeFiles/cmTC_c7b71.dir/CheckFunctionExists.c.o
/usr/bin/cc   -DCHECK_FUNCTION_EXISTS=pthread_create   -o CMakeFiles/cmTC_c7b71.dir/CheckFunctionExists.c.o   -c /usr/share/cmake-3.10/Modules/CheckFunctionExists.c
Linking C executable cmTC_c7b71
/usr/bin/cmake -E cmake_link_script CMakeFiles/cmTC_c7b71.dir/link.txt --verbose=1
/usr/bin/cc  -DCHECK_FUNCTION_EXISTS=pthread_create    -rdynamic CMakeFiles/cmTC_c7b71.dir/CheckFunctionExists.c.o  -o cmTC_c7b71 -lpthreads 
/usr/bin/ld: cannot find -lpthreads
collect2: error: ld returned 1 exit status
CMakeFiles/cmTC_c7b71.dir/build.make:97: recipe for target 'cmTC_c7b71' failed
make[1]: *** [cmTC_c7b71] Error 1
make[1]: Leaving directory '/home/jaime/Desktop/DynamicEntropyExplore/build/base_local_planner/CMakeFiles/CMakeTmp'
Makefile:126: recipe for target 'cmTC_c7b71/fast' failed
make: *** [cmTC_c7b71/fast] Error 2


