Determining if the pthread_create exist failed with the following output:
Change Dir: /home/jaime/Desktop/DynamicEntropyExplore/build/husky_navigation/CMakeFiles/CMakeTmp

Run Build Command:"/usr/bin/make" "cmTC_df6fb/fast"
/usr/bin/make -f CMakeFiles/cmTC_df6fb.dir/build.make CMakeFiles/cmTC_df6fb.dir/build
make[1]: Entering directory '/home/jaime/Desktop/DynamicEntropyExplore/build/husky_navigation/CMakeFiles/CMakeTmp'
Building C object CMakeFiles/cmTC_df6fb.dir/CheckSymbolExists.c.o
/usr/bin/cc    -o CMakeFiles/cmTC_df6fb.dir/CheckSymbolExists.c.o   -c /home/jaime/Desktop/DynamicEntropyExplore/build/husky_navigation/CMakeFiles/CMakeTmp/CheckSymbolExists.c
Linking C executable cmTC_df6fb
/usr/bin/cmake -E cmake_link_script CMakeFiles/cmTC_df6fb.dir/link.txt --verbose=1
/usr/bin/cc      -rdynamic CMakeFiles/cmTC_df6fb.dir/CheckSymbolExists.c.o  -o cmTC_df6fb 
CMakeFiles/cmTC_df6fb.dir/CheckSymbolExists.c.o: In function `main':
CheckSymbolExists.c:(.text+0x1b): undefined reference to `pthread_create'
collect2: error: ld returned 1 exit status
CMakeFiles/cmTC_df6fb.dir/build.make:97: recipe for target 'cmTC_df6fb' failed
make[1]: *** [cmTC_df6fb] Error 1
make[1]: Leaving directory '/home/jaime/Desktop/DynamicEntropyExplore/build/husky_navigation/CMakeFiles/CMakeTmp'
Makefile:126: recipe for target 'cmTC_df6fb/fast' failed
make: *** [cmTC_df6fb/fast] Error 2

File /home/jaime/Desktop/DynamicEntropyExplore/build/husky_navigation/CMakeFiles/CMakeTmp/CheckSymbolExists.c:
/* */
#include <pthread.h>

int main(int argc, char** argv)
{
  (void)argv;
#ifndef pthread_create
  return ((int*)(&pthread_create))[argc];
#else
  (void)argc;
  return 0;
#endif
}

Determining if the function pthread_create exists in the pthreads failed with the following output:
Change Dir: /home/jaime/Desktop/DynamicEntropyExplore/build/husky_navigation/CMakeFiles/CMakeTmp

Run Build Command:"/usr/bin/make" "cmTC_af63b/fast"
/usr/bin/make -f CMakeFiles/cmTC_af63b.dir/build.make CMakeFiles/cmTC_af63b.dir/build
make[1]: Entering directory '/home/jaime/Desktop/DynamicEntropyExplore/build/husky_navigation/CMakeFiles/CMakeTmp'
Building C object CMakeFiles/cmTC_af63b.dir/CheckFunctionExists.c.o
/usr/bin/cc   -DCHECK_FUNCTION_EXISTS=pthread_create   -o CMakeFiles/cmTC_af63b.dir/CheckFunctionExists.c.o   -c /usr/share/cmake-3.10/Modules/CheckFunctionExists.c
Linking C executable cmTC_af63b
/usr/bin/cmake -E cmake_link_script CMakeFiles/cmTC_af63b.dir/link.txt --verbose=1
/usr/bin/cc  -DCHECK_FUNCTION_EXISTS=pthread_create    -rdynamic CMakeFiles/cmTC_af63b.dir/CheckFunctionExists.c.o  -o cmTC_af63b -lpthreads 
/usr/bin/ld: cannot find -lpthreads
collect2: error: ld returned 1 exit status
CMakeFiles/cmTC_af63b.dir/build.make:97: recipe for target 'cmTC_af63b' failed
make[1]: *** [cmTC_af63b] Error 1
make[1]: Leaving directory '/home/jaime/Desktop/DynamicEntropyExplore/build/husky_navigation/CMakeFiles/CMakeTmp'
Makefile:126: recipe for target 'cmTC_af63b/fast' failed
make: *** [cmTC_af63b/fast] Error 2


