Determining if the pthread_create exist failed with the following output:
Change Dir: /home/jaime/Desktop/DynamicEntropyExplore/build/map_server/CMakeFiles/CMakeTmp

Run Build Command:"/usr/bin/make" "cmTC_b7e37/fast"
/usr/bin/make -f CMakeFiles/cmTC_b7e37.dir/build.make CMakeFiles/cmTC_b7e37.dir/build
make[1]: Entering directory '/home/jaime/Desktop/DynamicEntropyExplore/build/map_server/CMakeFiles/CMakeTmp'
Building C object CMakeFiles/cmTC_b7e37.dir/CheckSymbolExists.c.o
/usr/bin/cc    -o CMakeFiles/cmTC_b7e37.dir/CheckSymbolExists.c.o   -c /home/jaime/Desktop/DynamicEntropyExplore/build/map_server/CMakeFiles/CMakeTmp/CheckSymbolExists.c
Linking C executable cmTC_b7e37
/usr/bin/cmake -E cmake_link_script CMakeFiles/cmTC_b7e37.dir/link.txt --verbose=1
/usr/bin/cc      -rdynamic CMakeFiles/cmTC_b7e37.dir/CheckSymbolExists.c.o  -o cmTC_b7e37 
CMakeFiles/cmTC_b7e37.dir/CheckSymbolExists.c.o: In function `main':
CheckSymbolExists.c:(.text+0x1b): undefined reference to `pthread_create'
collect2: error: ld returned 1 exit status
CMakeFiles/cmTC_b7e37.dir/build.make:97: recipe for target 'cmTC_b7e37' failed
make[1]: *** [cmTC_b7e37] Error 1
make[1]: Leaving directory '/home/jaime/Desktop/DynamicEntropyExplore/build/map_server/CMakeFiles/CMakeTmp'
Makefile:126: recipe for target 'cmTC_b7e37/fast' failed
make: *** [cmTC_b7e37/fast] Error 2

File /home/jaime/Desktop/DynamicEntropyExplore/build/map_server/CMakeFiles/CMakeTmp/CheckSymbolExists.c:
/* */
#include <pthread.h>

int main(int argc, char** argv)
{
  (void)argv;
#ifndef pthread_create
  return ((int*)(&pthread_create))[argc];
#else
  (void)argc;
  return 0;
#endif
}

Determining if the function pthread_create exists in the pthreads failed with the following output:
Change Dir: /home/jaime/Desktop/DynamicEntropyExplore/build/map_server/CMakeFiles/CMakeTmp

Run Build Command:"/usr/bin/make" "cmTC_dbbbe/fast"
/usr/bin/make -f CMakeFiles/cmTC_dbbbe.dir/build.make CMakeFiles/cmTC_dbbbe.dir/build
make[1]: Entering directory '/home/jaime/Desktop/DynamicEntropyExplore/build/map_server/CMakeFiles/CMakeTmp'
Building C object CMakeFiles/cmTC_dbbbe.dir/CheckFunctionExists.c.o
/usr/bin/cc   -DCHECK_FUNCTION_EXISTS=pthread_create   -o CMakeFiles/cmTC_dbbbe.dir/CheckFunctionExists.c.o   -c /usr/share/cmake-3.10/Modules/CheckFunctionExists.c
Linking C executable cmTC_dbbbe
/usr/bin/cmake -E cmake_link_script CMakeFiles/cmTC_dbbbe.dir/link.txt --verbose=1
/usr/bin/cc  -DCHECK_FUNCTION_EXISTS=pthread_create    -rdynamic CMakeFiles/cmTC_dbbbe.dir/CheckFunctionExists.c.o  -o cmTC_dbbbe -lpthreads 
/usr/bin/ld: cannot find -lpthreads
collect2: error: ld returned 1 exit status
CMakeFiles/cmTC_dbbbe.dir/build.make:97: recipe for target 'cmTC_dbbbe' failed
make[1]: *** [cmTC_dbbbe] Error 1
make[1]: Leaving directory '/home/jaime/Desktop/DynamicEntropyExplore/build/map_server/CMakeFiles/CMakeTmp'
Makefile:126: recipe for target 'cmTC_dbbbe/fast' failed
make: *** [cmTC_dbbbe/fast] Error 2


