[35m[1mScanning dependencies of target _husky_msgs_generate_messages_check_deps_HuskyStatus[0m
[  0%] Built target _husky_msgs_generate_messages_check_deps_HuskyStatus
[35m[1mScanning dependencies of target std_msgs_generate_messages_cpp[0m
[  0%] Built target std_msgs_generate_messages_cpp
[35m[1mScanning dependencies of target std_msgs_generate_messages_nodejs[0m
[  0%] Built target std_msgs_generate_messages_nodejs
[35m[1mScanning dependencies of target std_msgs_generate_messages_py[0m
[  0%] Built target std_msgs_generate_messages_py
[35m[1mScanning dependencies of target std_msgs_generate_messages_lisp[0m
[  0%] Built target std_msgs_generate_messages_lisp
[35m[1mScanning dependencies of target std_msgs_generate_messages_eus[0m
[  0%] Built target std_msgs_generate_messages_eus
[35m[1mScanning dependencies of target husky_msgs_generate_messages_cpp[0m
[ 14%] [34m[1mGenerating C++ code from husky_msgs/HuskyStatus.msg[0m
[ 14%] Built target husky_msgs_generate_messages_cpp
[35m[1mScanning dependencies of target husky_msgs_generate_messages_nodejs[0m
[ 28%] [34m[1mGenerating Javascript code from husky_msgs/HuskyStatus.msg[0m
[ 28%] Built target husky_msgs_generate_messages_nodejs
[35m[1mScanning dependencies of target husky_msgs_generate_messages_py[0m
[ 42%] [34m[1mGenerating Python from MSG husky_msgs/HuskyStatus[0m
[ 57%] [34m[1mGenerating Python msg __init__.py for husky_msgs[0m
[ 57%] Built target husky_msgs_generate_messages_py
[35m[1mScanning dependencies of target husky_msgs_generate_messages_lisp[0m
[ 71%] [34m[1mGenerating Lisp code from husky_msgs/HuskyStatus.msg[0m
[ 71%] Built target husky_msgs_generate_messages_lisp
[35m[1mScanning dependencies of target husky_msgs_generate_messages_eus[0m
[ 85%] [34m[1mGenerating EusLisp code from husky_msgs/HuskyStatus.msg[0m
[100%] [34m[1mGenerating EusLisp manifest code for husky_msgs[0m
[100%] Built target husky_msgs_generate_messages_eus
[35m[1mScanning dependencies of target husky_msgs_generate_messages[0m
[100%] Built target husky_msgs_generate_messages
